<?xml version='1.0' encoding='UTF-8'?>
<testsuite hostname="LilianThinkpad" name="amyc.test.CodegenTests" tests="27" errors="0" failures="0" skipped="0" time="6.068" timestamp="2025-06-03T23:03:30">
          <properties>
[...]
</properties>
          <testcase classname="amyc.test.CodegenTests" name="testMixStdAndNonStd" time="3.215">
                      
                    </testcase><testcase classname="amyc.test.CodegenTests" name="testBasicError" time="0.091">
                      
                    </testcase><testcase classname="amyc.test.CodegenTests" name="testArithmetic" time="0.084">
                      
                    </testcase><testcase classname="amyc.test.CodegenTests" name="testLists" time="0.142">
                      
                    </testcase><testcase classname="amyc.test.CodegenTests" name="testBasicBranching" time="0.115">
                      
                    </testcase><testcase classname="amyc.test.CodegenTests" name="testFactorial" time="0.105">
                      
                    </testcase><testcase classname="amyc.test.CodegenTests" name="testStringInputToOutput" time="0.121">
                      
                    </testcase><testcase classname="amyc.test.CodegenTests" name="testShortCircuit1" time="0.124">
                      
                    </testcase><testcase classname="amyc.test.CodegenTests" name="testShortCircuit2" time="0.11">
                      
                    </testcase><testcase classname="amyc.test.CodegenTests" name="testLocals1" time="0.112">
                      
                    </testcase><testcase classname="amyc.test.CodegenTests" name="testLocals2" time="0.118">
                      
                    </testcase><testcase classname="amyc.test.CodegenTests" name="testBasicConditions" time="0.106">
                      
                    </testcase><testcase classname="amyc.test.CodegenTests" name="testFunCallEnv" time="0.109">
                      
                    </testcase><testcase classname="amyc.test.CodegenTests" name="testEmptyObject" time="0.105">
                      
                    </testcase><testcase classname="amyc.test.CodegenTests" name="testIntInputToOutput" time="0.113">
                      
                    </testcase><testcase classname="amyc.test.CodegenTests" name="testMatchError1" time="0.109">
                      
                    </testcase><testcase classname="amyc.test.CodegenTests" name="testMatchError2" time="0.096">
                      
                    </testcase><testcase classname="amyc.test.CodegenTests" name="testMatchError3" time="0.093">
                      
                    </testcase><testcase classname="amyc.test.CodegenTests" name="testMatchError4" time="0.106">
                      
                    </testcase><testcase classname="amyc.test.CodegenTests" name="testBasicArithmetic" time="0.13">
                      
                    </testcase><testcase classname="amyc.test.CodegenTests" name="testDivisionByZero" time="0.097">
                      
                    </testcase><testcase classname="amyc.test.CodegenTests" name="testEquality" time="0.109">
                      
                    </testcase><testcase classname="amyc.test.CodegenTests" name="testMatch1" time="0.111">
                      
                    </testcase><testcase classname="amyc.test.CodegenTests" name="testMatch2" time="0.11">
                      
                    </testcase><testcase classname="amyc.test.CodegenTests" name="testMatch3" time="0.101">
                      
                    </testcase><testcase classname="amyc.test.CodegenTests" name="testMatch4" time="0.122">
                      
                    </testcase><testcase classname="amyc.test.CodegenTests" name="testBasicPatternMatching" time="0.114">
                      
                    </testcase>
          <system-out><![CDATA[]]></system-out>
          <system-err><![CDATA[]]></system-err>
        </testsuite>