<?xml version='1.0' encoding='UTF-8'?>
<testsuite hostname="LilianThinkpad" name="amyc.test.TyperTests" tests="53" errors="0" failures="0" skipped="0" time="1.121" timestamp="2025-06-03T23:03:28">
          <properties>
[...]
</properties>
          <testcase classname="amyc.test.TyperTests" name="testSeqError1" time="0.536">
                      
                    </testcase><testcase classname="amyc.test.TyperTests" name="testSeqError2" time="0.019">
                      
                    </testcase><testcase classname="amyc.test.TyperTests" name="testSeqError3" time="0.009">
                      
                    </testcase><testcase classname="amyc.test.TyperTests" name="testLetWithError" time="0.016">
                      
                    </testcase><testcase classname="amyc.test.TyperTests" name="testComparison" time="0.022">
                      
                    </testcase><testcase classname="amyc.test.TyperTests" name="testSeq" time="0.006">
                      
                    </testcase><testcase classname="amyc.test.TyperTests" name="testIfAndErrorWrong" time="0.022">
                      
                    </testcase><testcase classname="amyc.test.TyperTests" name="testArithmetic" time="0.016">
                      
                    </testcase><testcase classname="amyc.test.TyperTests" name="testError" time="0.037">
                      
                    </testcase><testcase classname="amyc.test.TyperTests" name="testMisc" time="0.009">
                      
                    </testcase><testcase classname="amyc.test.TyperTests" name="testConstructors" time="0.032">
                      
                    </testcase><testcase classname="amyc.test.TyperTests" name="testIf" time="0.007">
                      
                    </testcase><testcase classname="amyc.test.TyperTests" name="testConstructorError1" time="0.006">
                      
                    </testcase><testcase classname="amyc.test.TyperTests" name="testConstructorError2" time="0.013">
                      
                    </testcase><testcase classname="amyc.test.TyperTests" name="testConstructorError3" time="0.007">
                      
                    </testcase><testcase classname="amyc.test.TyperTests" name="testConstructorError4" time="0.007">
                      
                    </testcase><testcase classname="amyc.test.TyperTests" name="testArithError1" time="0.068">
                      
                    </testcase><testcase classname="amyc.test.TyperTests" name="testArithError2" time="0.011">
                      
                    </testcase><testcase classname="amyc.test.TyperTests" name="testArithError3" time="0.006">
                      
                    </testcase><testcase classname="amyc.test.TyperTests" name="testArithError4" time="0.006">
                      
                    </testcase><testcase classname="amyc.test.TyperTests" name="testArithError5" time="0.005">
                      
                    </testcase><testcase classname="amyc.test.TyperTests" name="testFunctionCalls" time="0.022">
                      
                    </testcase><testcase classname="amyc.test.TyperTests" name="testIfWithError" time="0.008">
                      
                    </testcase><testcase classname="amyc.test.TyperTests" name="testComparisonError" time="0.006">
                      
                    </testcase><testcase classname="amyc.test.TyperTests" name="testSeqWithError" time="0.006">
                      
                    </testcase><testcase classname="amyc.test.TyperTests" name="testLogical" time="0.004">
                      
                    </testcase><testcase classname="amyc.test.TyperTests" name="testLogicalError1" time="0.004">
                      
                    </testcase><testcase classname="amyc.test.TyperTests" name="testLogicalError2" time="0.005">
                      
                    </testcase><testcase classname="amyc.test.TyperTests" name="testLogicalError3" time="0.005">
                      
                    </testcase><testcase classname="amyc.test.TyperTests" name="testConcatError" time="0.005">
                      
                    </testcase><testcase classname="amyc.test.TyperTests" name="testMatchError1" time="0.013">
                      
                    </testcase><testcase classname="amyc.test.TyperTests" name="testMatchError2" time="0.006">
                      
                    </testcase><testcase classname="amyc.test.TyperTests" name="testMatchError3" time="0.006">
                      
                    </testcase><testcase classname="amyc.test.TyperTests" name="testMatchError4" time="0.005">
                      
                    </testcase><testcase classname="amyc.test.TyperTests" name="testMatchError5" time="0.009">
                      
                    </testcase><testcase classname="amyc.test.TyperTests" name="testMatchError6" time="0.005">
                      
                    </testcase><testcase classname="amyc.test.TyperTests" name="testLetError1" time="0.004">
                      
                    </testcase><testcase classname="amyc.test.TyperTests" name="testLetError2" time="0.005">
                      
                    </testcase><testcase classname="amyc.test.TyperTests" name="testOperatorError1" time="0.008">
                      
                    </testcase><testcase classname="amyc.test.TyperTests" name="testOperatorError2" time="0.015">
                      
                    </testcase><testcase classname="amyc.test.TyperTests" name="testOperatorError3" time="0.007">
                      
                    </testcase><testcase classname="amyc.test.TyperTests" name="testErrorError" time="0.005">
                      
                    </testcase><testcase classname="amyc.test.TyperTests" name="testMatchWithError" time="0.008">
                      
                    </testcase><testcase classname="amyc.test.TyperTests" name="testIfError1" time="0.006">
                      
                    </testcase><testcase classname="amyc.test.TyperTests" name="testIfError2" time="0.004">
                      
                    </testcase><testcase classname="amyc.test.TyperTests" name="testIfError3" time="0.005">
                      
                    </testcase><testcase classname="amyc.test.TyperTests" name="testFunctionCalls1" time="0.008">
                      
                    </testcase><testcase classname="amyc.test.TyperTests" name="testFunctionCalls2" time="0.006">
                      
                    </testcase><testcase classname="amyc.test.TyperTests" name="testFunctionCalls3" time="0.006">
                      
                    </testcase><testcase classname="amyc.test.TyperTests" name="testMatch1" time="0.007">
                      
                    </testcase><testcase classname="amyc.test.TyperTests" name="testMatch2" time="0.006">
                      
                    </testcase><testcase classname="amyc.test.TyperTests" name="testMatch3" time="0.039">
                      
                    </testcase><testcase classname="amyc.test.TyperTests" name="testEqualityError" time="0.013">
                      
                    </testcase>
          <system-out><![CDATA[]]></system-out>
          <system-err><![CDATA[]]></system-err>
        </testsuite>